0 info it worked if it ends with ok
1 verbose cli [ '/usr/local/bin/node',
1 verbose cli   '/usr/local/bin/npm',
1 verbose cli   'install',
1 verbose cli   '-g',
1 verbose cli   'cordova@5.4.1' ]
2 info using npm@2.15.1
3 info using node@v4.4.4
4 verbose install initial load of /usr/local/lib/package.json
5 verbose readDependencies loading dependencies from /usr/local/lib/package.json
6 silly cache add args [ 'cordova@5.4.1', null ]
7 verbose cache add spec cordova@5.4.1
8 silly cache add parsed spec Result {
8 silly cache add   raw: 'cordova@5.4.1',
8 silly cache add   scope: null,
8 silly cache add   name: 'cordova',
8 silly cache add   rawSpec: '5.4.1',
8 silly cache add   spec: '5.4.1',
8 silly cache add   type: 'version' }
9 silly addNamed cordova@5.4.1
10 verbose addNamed "5.4.1" is a plain semver version for cordova
11 silly mapToRegistry name cordova
12 silly mapToRegistry using default registry
13 silly mapToRegistry registry https://registry.npmjs.org/
14 silly mapToRegistry data Result {
14 silly mapToRegistry   raw: 'cordova',
14 silly mapToRegistry   scope: null,
14 silly mapToRegistry   name: 'cordova',
14 silly mapToRegistry   rawSpec: '',
14 silly mapToRegistry   spec: 'latest',
14 silly mapToRegistry   type: 'tag' }
15 silly mapToRegistry uri https://registry.npmjs.org/cordova
16 verbose addNameVersion registry:https://registry.npmjs.org/cordova not in flight; fetching
17 verbose request uri https://registry.npmjs.org/cordova
18 verbose request no auth needed
19 info attempt registry request try #1 at 14:02:12
20 verbose request id a050d45273a91d09
21 verbose etag "9CQRLULWRBQG8DCL5FHUMN22V"
22 http request GET https://registry.npmjs.org/cordova
23 http 200 https://registry.npmjs.org/cordova
24 verbose headers { server: 'CouchDB/1.5.0 (Erlang OTP/R16B03)',
24 verbose headers   etag: '"AFNMAJ04INMGK0F7PXB01F3KM"',
24 verbose headers   'content-type': 'application/json',
24 verbose headers   'content-encoding': 'gzip',
24 verbose headers   'cache-control': 'max-age=300',
24 verbose headers   'content-length': '30242',
24 verbose headers   'accept-ranges': 'bytes',
24 verbose headers   date: 'Mon, 23 May 2016 06:02:14 GMT',
24 verbose headers   via: '1.1 varnish',
24 verbose headers   age: '170',
24 verbose headers   connection: 'keep-alive',
24 verbose headers   'x-served-by': 'cache-fra1237-FRA',
24 verbose headers   'x-cache': 'HIT',
24 verbose headers   'x-cache-hits': '3',
24 verbose headers   'x-timer': 'S1463983334.045615,VS0,VE0',
24 verbose headers   vary: 'Accept-Encoding' }
25 silly get cb [ 200,
25 silly get   { server: 'CouchDB/1.5.0 (Erlang OTP/R16B03)',
25 silly get     etag: '"AFNMAJ04INMGK0F7PXB01F3KM"',
25 silly get     'content-type': 'application/json',
25 silly get     'content-encoding': 'gzip',
25 silly get     'cache-control': 'max-age=300',
25 silly get     'content-length': '30242',
25 silly get     'accept-ranges': 'bytes',
25 silly get     date: 'Mon, 23 May 2016 06:02:14 GMT',
25 silly get     via: '1.1 varnish',
25 silly get     age: '170',
25 silly get     connection: 'keep-alive',
25 silly get     'x-served-by': 'cache-fra1237-FRA',
25 silly get     'x-cache': 'HIT',
25 silly get     'x-cache-hits': '3',
25 silly get     'x-timer': 'S1463983334.045615,VS0,VE0',
25 silly get     vary: 'Accept-Encoding' } ]
26 verbose get saving cordova to /Users/shangzh/.npm/registry.npmjs.org/cordova/.cache.json
27 verbose correctMkdir /Users/shangzh/.npm correctMkdir not in flight; initializing
28 silly mapToRegistry name cordova
29 silly mapToRegistry using default registry
30 silly mapToRegistry registry https://registry.npmjs.org/
31 silly mapToRegistry data Result {
31 silly mapToRegistry   raw: 'cordova',
31 silly mapToRegistry   scope: null,
31 silly mapToRegistry   name: 'cordova',
31 silly mapToRegistry   rawSpec: '',
31 silly mapToRegistry   spec: 'latest',
31 silly mapToRegistry   type: 'tag' }
32 silly mapToRegistry uri https://registry.npmjs.org/cordova
33 verbose addRemoteTarball https://registry.npmjs.org/cordova/-/cordova-5.4.1.tgz not in flight; adding
34 verbose addRemoteTarball [ 'https://registry.npmjs.org/cordova/-/cordova-5.4.1.tgz',
34 verbose addRemoteTarball   'bc56bc1d3c5387a7926408212dfbce59002f9d76' ]
35 info retry fetch attempt 1 at 14:02:13
36 info attempt registry request try #1 at 14:02:13
37 http fetch GET https://registry.npmjs.org/cordova/-/cordova-5.4.1.tgz
38 http fetch 200 https://registry.npmjs.org/cordova/-/cordova-5.4.1.tgz
39 silly fetchAndShaCheck shasum bc56bc1d3c5387a7926408212dfbce59002f9d76
40 verbose addTmpTarball /var/folders/60/t6txbm0d6xq529xrrjf9wggw0000gn/T/npm-2948-40ccb9e2/registry.npmjs.org/cordova/-/cordova-5.4.1.tgz not in flight; adding
41 verbose addTmpTarball already have metadata; skipping unpack for cordova@5.4.1
42 verbose correctMkdir /Users/shangzh/.npm correctMkdir not in flight; initializing
43 silly cache afterAdd cordova@5.4.1
44 verbose afterAdd /Users/shangzh/.npm/cordova/5.4.1/package/package.json not in flight; writing
45 verbose correctMkdir /Users/shangzh/.npm correctMkdir not in flight; initializing
46 verbose afterAdd /Users/shangzh/.npm/cordova/5.4.1/package/package.json written
47 silly install resolved [ { name: 'cordova',
47 silly install resolved     version: '5.4.1',
47 silly install resolved     preferGlobal: 'true',
47 silly install resolved     description: 'Cordova command line interface tool',
47 silly install resolved     main: 'cordova',
47 silly install resolved     engines: { node: '>=0.9.9' },
47 silly install resolved     engineStrict: true,
47 silly install resolved     bin: { cordova: './bin/cordova' },
47 silly install resolved     scripts:
47 silly install resolved      { test: 'node node_modules/jasmine-node/bin/jasmine-node --captureExceptions --color spec',
47 silly install resolved        cover: 'node node_modules/istanbul/lib/cli.js cover --root src --print detail node_modules/jasmine-node/bin/jasmine-node -- spec' },
47 silly install resolved     repository:
47 silly install resolved      { type: 'git',
47 silly install resolved        url: 'https://git-wip-us.apache.org/repos/asf/cordova-cli.git' },
47 silly install resolved     bugs:
47 silly install resolved      { url: 'https://issues.apache.org/jira/browse/CB',
47 silly install resolved        email: 'dev@cordova.apache.org' },
47 silly install resolved     keywords: [ 'cordova', 'client', 'cli' ],
47 silly install resolved     dependencies:
47 silly install resolved      { ansi: '^0.3.0',
47 silly install resolved        'cordova-lib': '5.4.1',
47 silly install resolved        q: '1.0.1',
47 silly install resolved        nopt: '3.0.1',
47 silly install resolved        underscore: '1.7.0',
47 silly install resolved        'update-notifier': '^0.5.0' },
47 silly install resolved     devDependencies:
47 silly install resolved      { istanbul: '^0.3.4',
47 silly install resolved        grunt: '0.4.5',
47 silly install resolved        'grunt-retire': '0.3.7',
47 silly install resolved        'jasmine-node': '1.14.5' },
47 silly install resolved     author: { name: 'Anis Kadri' },
47 silly install resolved     contributors:
47 silly install resolved      [ [Object],
47 silly install resolved        [Object],
47 silly install resolved        [Object],
47 silly install resolved        [Object],
47 silly install resolved        [Object],
47 silly install resolved        [Object],
47 silly install resolved        [Object],
47 silly install resolved        [Object],
47 silly install resolved        [Object],
47 silly install resolved        [Object],
47 silly install resolved        [Object],
47 silly install resolved        [Object],
47 silly install resolved        [Object],
47 silly install resolved        [Object],
47 silly install resolved        [Object],
47 silly install resolved        [Object],
47 silly install resolved        [Object],
47 silly install resolved        [Object],
47 silly install resolved        [Object],
47 silly install resolved        [Object],
47 silly install resolved        [Object],
47 silly install resolved        [Object],
47 silly install resolved        [Object],
47 silly install resolved        [Object] ],
47 silly install resolved     license: 'Apache version 2.0',
47 silly install resolved     _id: 'cordova@5.4.1',
47 silly install resolved     _shasum: 'bc56bc1d3c5387a7926408212dfbce59002f9d76',
47 silly install resolved     _resolved: 'https://registry.npmjs.org/cordova/-/cordova-5.4.1.tgz',
47 silly install resolved     _from: 'cordova@5.4.1',
47 silly install resolved     _npmVersion: '3.3.12',
47 silly install resolved     _nodeVersion: '5.0.0',
47 silly install resolved     _npmUser: { name: 'stevegill', email: 'stevengill97@gmail.com' },
47 silly install resolved     dist:
47 silly install resolved      { shasum: 'bc56bc1d3c5387a7926408212dfbce59002f9d76',
47 silly install resolved        tarball: 'https://registry.npmjs.org/cordova/-/cordova-5.4.1.tgz' },
47 silly install resolved     maintainers:
47 silly install resolved      [ [Object],
47 silly install resolved        [Object],
47 silly install resolved        [Object],
47 silly install resolved        [Object],
47 silly install resolved        [Object],
47 silly install resolved        [Object],
47 silly install resolved        [Object],
47 silly install resolved        [Object],
47 silly install resolved        [Object],
47 silly install resolved        [Object],
47 silly install resolved        [Object],
47 silly install resolved        [Object],
47 silly install resolved        [Object],
47 silly install resolved        [Object],
47 silly install resolved        [Object],
47 silly install resolved        [Object],
47 silly install resolved        [Object],
47 silly install resolved        [Object] ],
47 silly install resolved     directories: {} } ]
48 info install cordova@5.4.1 into /usr/local/lib
49 info installOne cordova@5.4.1
50 verbose installOne of cordova to /usr/local/lib not in flight; installing
51 verbose correctMkdir /Users/shangzh/.npm/_locks correctMkdir not in flight; initializing
52 verbose lock using /Users/shangzh/.npm/_locks/cordova-fa12e2e096426a32.lock for /usr/local/lib/node_modules/cordova
53 silly install write writing cordova 5.4.1 to /usr/local/lib/node_modules/cordova
54 verbose unbuild lib/node_modules/cordova
55 silly gentlyRm /usr/local/lib/node_modules/cordova is being purged from base /usr/local
56 verbose gentlyRm don't care about contents; nuking /usr/local/lib/node_modules/cordova
57 verbose tar unpack /Users/shangzh/.npm/cordova/5.4.1/package.tgz
58 verbose tar unpacking to /usr/local/lib/node_modules/cordova
59 silly gentlyRm /usr/local/lib/node_modules/cordova is being purged
60 verbose gentlyRm don't care about contents; nuking /usr/local/lib/node_modules/cordova
61 silly gunzTarPerm modes [ '755', '644' ]
62 error tar.unpack untar error /Users/shangzh/.npm/cordova/5.4.1/package.tgz
63 verbose unlock done using /Users/shangzh/.npm/_locks/cordova-fa12e2e096426a32.lock for /usr/local/lib/node_modules/cordova
64 verbose fstream_path /usr/local/lib/node_modules/cordova
65 verbose fstream_type Directory
66 verbose fstream_class DirWriter
67 verbose stack Error: EACCES: permission denied, mkdir '/usr/local/lib/node_modules/cordova'
67 verbose stack     at Error (native)
68 verbose fstream_stack /usr/local/lib/node_modules/npm/node_modules/fstream/lib/dir-writer.js:35:25
68 verbose fstream_stack /usr/local/lib/node_modules/npm/node_modules/mkdirp/index.js:47:53
68 verbose fstream_stack FSReqWrap.oncomplete (fs.js:82:15)
69 verbose cwd /Users/shangzh/Downloads/fufu-5
70 error Darwin 15.2.0
71 error argv "/usr/local/bin/node" "/usr/local/bin/npm" "install" "-g" "cordova@5.4.1"
72 error node v4.4.4
73 error npm  v2.15.1
74 error path /usr/local/lib/node_modules/cordova
75 error code EACCES
76 error errno -13
77 error syscall mkdir
78 error Error: EACCES: permission denied, mkdir '/usr/local/lib/node_modules/cordova'
78 error     at Error (native)
78 error  { [Error: EACCES: permission denied, mkdir '/usr/local/lib/node_modules/cordova']
78 error   errno: -13,
78 error   code: 'EACCES',
78 error   syscall: 'mkdir',
78 error   path: '/usr/local/lib/node_modules/cordova',
78 error   fstream_type: 'Directory',
78 error   fstream_path: '/usr/local/lib/node_modules/cordova',
78 error   fstream_class: 'DirWriter',
78 error   fstream_stack:
78 error    [ '/usr/local/lib/node_modules/npm/node_modules/fstream/lib/dir-writer.js:35:25',
78 error      '/usr/local/lib/node_modules/npm/node_modules/mkdirp/index.js:47:53',
78 error      'FSReqWrap.oncomplete (fs.js:82:15)' ] }
79 error Please try running this command again as root/Administrator.
80 verbose exit [ -13, true ]
81 verbose unbuild lib/node_modules/cordova
82 silly gentlyRm /usr/local/lib/node_modules/cordova is being purged from base /usr/local
83 verbose gentlyRm don't care about contents; nuking /usr/local/lib/node_modules/cordova
